<?xml version="1.0" encoding="UTF-8"?>
<!-- Generated by org.testng.reporters.JUnitXMLReporter -->
<testsuite hostname="DESKTOP-KH5DSBR" ignored="0" name="Default test" tests="1" failures="0" timestamp="23 Jan 2018 20:29:01 GMT" time="1.341" errors="0">
  <testcase name="@BeforeTest openBrowser" time="0.302" classname="suite1.AutomationSelneiumRegistration">
    <failure type="java.lang.IllegalStateException" message="The driver executable is a directory: C:\Users\dell\git\frameworkk\Hybrid\drivers">
      <![CDATA[java.lang.IllegalStateException: The driver executable is a directory: C:\Users\dell\git\frameworkk\Hybrid\driversat com.google.common.base.Preconditions.checkState(Preconditions.java:518)at org.openqa.selenium.remote.service.DriverService.checkExecutable(DriverService.java:138)at org.openqa.selenium.remote.service.DriverService.findExecutable(DriverService.java:131)at org.openqa.selenium.firefox.GeckoDriverService.access$100(GeckoDriverService.java:41)at org.openqa.selenium.firefox.GeckoDriverService$Builder.findDefaultExecutable(GeckoDriverService.java:115)at org.openqa.selenium.remote.service.DriverService$Builder.build(DriverService.java:330)at org.openqa.selenium.firefox.FirefoxDriver.toExecutor(FirefoxDriver.java:207)at org.openqa.selenium.firefox.FirefoxDriver.<init>(FirefoxDriver.java:108)at org.openqa.selenium.firefox.FirefoxDriver.<init>(FirefoxDriver.java:104)at suite1.AutomationSelneiumRegistration.openBrowser(AutomationSelneiumRegistration.java:40)at sun.reflect.NativeMethodAccessorImpl.invoke0(Native Method)at sun.reflect.NativeMethodAccessorImpl.invoke(Unknown Source)at sun.reflect.DelegatingMethodAccessorImpl.invoke(Unknown Source)at java.lang.reflect.Method.invoke(Unknown Source)at org.testng.internal.MethodInvocationHelper.invokeMethod(MethodInvocationHelper.java:124)at org.testng.internal.MethodInvocationHelper.invokeMethodConsideringTimeout(MethodInvocationHelper.java:59)at org.testng.internal.Invoker.invokeConfigurationMethod(Invoker.java:451)at org.testng.internal.Invoker.invokeConfigurations(Invoker.java:222)at org.testng.internal.Invoker.invokeConfigurations(Invoker.java:142)at org.testng.TestRunner.beforeRun(TestRunner.java:529)at org.testng.TestRunner.run(TestRunner.java:497)at org.testng.SuiteRunner.runTest(SuiteRunner.java:455)at org.testng.SuiteRunner.runSequentially(SuiteRunner.java:450)at org.testng.SuiteRunner.privateRun(SuiteRunner.java:415)at org.testng.SuiteRunner.run(SuiteRunner.java:364)at org.testng.SuiteRunnerWorker.runSuite(SuiteRunnerWorker.java:52)at org.testng.SuiteRunnerWorker.run(SuiteRunnerWorker.java:84)at org.testng.TestNG.runSuitesSequentially(TestNG.java:1187)at org.testng.TestNG.runSuitesLocally(TestNG.java:1116)at org.testng.TestNG.runSuites(TestNG.java:1028)at org.testng.TestNG.run(TestNG.java:996)at org.testng.remote.AbstractRemoteTestNG.run(AbstractRemoteTestNG.java:114)at org.testng.remote.RemoteTestNG.initAndRun(RemoteTestNG.java:251)at org.testng.remote.RemoteTestNG.main(RemoteTestNG.java:77)]]>
    </failure>
  </testcase> <!-- @BeforeTest openBrowser -->
  <testcase name="@AfterTest stop" time="0.0" classname="suite1.AutomationSelneiumRegistration">
    <skipped/>
  </testcase> <!-- @AfterTest stop -->
  <testcase name="testPageObjects" time="0.0" classname="suite1.AutomationSelneiumRegistration">
    <skipped/>
  </testcase> <!-- testPageObjects -->
</testsuite> <!-- Default test -->
